[18-Mar-2024 11:06:17] NOTICE: fpm is running, pid 11250
[18-Mar-2024 11:06:17] NOTICE: ready to handle connections
[18-Mar-2024 11:09:40] NOTICE: Terminating ...
[18-Mar-2024 11:09:40] NOTICE: Terminating ...
[18-Mar-2024 11:09:40] NOTICE: exiting, bye-bye!
[18-Mar-2024 11:09:42] NOTICE: fpm is running, pid 11474
[18-Mar-2024 11:09:42] NOTICE: ready to handle connections
[20-Mar-2024 15:38:10] NOTICE: Terminating ...
[20-Mar-2024 15:38:10] NOTICE: Terminating ...
[20-Mar-2024 15:38:10] NOTICE: exiting, bye-bye!
[20-Mar-2024 15:51:39] NOTICE: fpm is running, pid 1172
[20-Mar-2024 15:51:39] NOTICE: ready to handle connections
[01-Apr-2024 09:57:13] NOTICE: Terminating ...
[01-Apr-2024 09:57:13] NOTICE: Terminating ...
[01-Apr-2024 09:57:14] NOTICE: exiting, bye-bye!
[01-Apr-2024 11:53:14] NOTICE: fpm is running, pid 1920
[01-Apr-2024 11:53:14] NOTICE: ready to handle connections
[07-Apr-2024 12:17:20] NOTICE: fpm is running, pid 3099
[07-Apr-2024 12:17:20] NOTICE: ready to handle connections
[08-Apr-2024 16:08:20] NOTICE: Terminating ...
[08-Apr-2024 16:08:20] NOTICE: Terminating ...
[08-Apr-2024 16:08:20] NOTICE: exiting, bye-bye!
[10-Apr-2024 15:02:32] NOTICE: fpm is running, pid 7269
[10-Apr-2024 15:02:32] NOTICE: ready to handle connections
[20-Apr-2024 14:45:08] NOTICE: fpm is running, pid 3153
[20-Apr-2024 14:45:08] NOTICE: ready to handle connections
[21-Apr-2024 22:46:34] NOTICE: fpm is running, pid 863
[21-Apr-2024 22:46:34] NOTICE: ready to handle connections
[27-Apr-2024 18:59:25] NOTICE: Terminating ...
[27-Apr-2024 18:59:25] NOTICE: Terminating ...
[27-Apr-2024 18:59:25] NOTICE: exiting, bye-bye!
[27-Apr-2024 19:01:02] NOTICE: fpm is running, pid 13868
[27-Apr-2024 19:01:02] NOTICE: ready to handle connections
[13-May-2024 16:16:33] NOTICE: Terminating ...
[13-May-2024 16:16:33] NOTICE: Terminating ...
[13-May-2024 16:16:33] NOTICE: exiting, bye-bye!
[18-Sep-2024 23:17:52] NOTICE: fpm is running, pid 9348
[18-Sep-2024 23:17:52] NOTICE: ready to handle connections
[19-Sep-2024 11:12:38] NOTICE: Terminating ...
[19-Sep-2024 11:12:38] NOTICE: Terminating ...
[19-Sep-2024 11:12:38] NOTICE: exiting, bye-bye!
[01-Nov-2024 16:22:12] NOTICE: fpm is running, pid 56201
[01-Nov-2024 16:22:12] NOTICE: ready to handle connections
[02-Nov-2024 12:26:16] NOTICE: Terminating ...
[02-Nov-2024 12:26:16] NOTICE: Terminating ...
[02-Nov-2024 12:26:16] NOTICE: exiting, bye-bye!
